<?xml version="1.0" encoding="UTF-8"?>
<!-- Generated by org.testng.reporters.JUnitXMLReporter -->
<testsuite ignored="0" hostname="LTIN237719" failures="0" tests="3" name="Default test" time="0.14" errors="0" timestamp="2024-02-29T16:45:14 IST">
  <testcase classname="day1.test1" name="test_launch_webapplication" time="0.024"/>
  <testcase classname="day1.test1" name="test_registration" time="0.003"/>
  <testcase classname="day1.test1" name="test_login" time="0.002"/>
</testsuite> <!-- Default test -->
