<?xml version="1.0" encoding="UTF-8"?>
<!-- Generated by org.testng.reporters.JUnitXMLReporter -->
<testsuite ignored="0" hostname="LTIN237719" failures="0" tests="9" name="Test1" time="60.659" errors="0" timestamp="2024-04-02T12:18:09 IST">
  <testcase classname="testcases.Tc1_city" name="f" time="8.698"/>
  <testcase classname="testcases.Tc2_clicksports" name="f" time="11.488"/>
  <testcase classname="testcases.Tc3_movies" name="test1" time="8.355"/>
  <testcase classname="testcases.Tc3_movies" name="test2" time="5.715"/>
  <testcase classname="testcases.Tc4_clickSignin" name="test1" time="0.211"/>
  <testcase classname="testcases.Tc4_clickSignin" name="test2" time="10.443"/>
  <testcase classname="testcases.Tc4_clickSignin" name="test3" time="5.652"/>
  <testcase classname="testcases.Tc4_clickSignin" name="test4" time="9.065"/>
  <testcase classname="testcases.Tc4_clickSignin" name="test5" time="0.233"/>
</testsuite> <!-- Test1 -->
