<?xml version="1.0" encoding="UTF-8"?>
<!-- Generated by org.testng.reporters.JUnitXMLReporter -->
<testsuite ignored="0" hostname="LTIN237719" failures="0" tests="5" name="Test4" time="21.344" errors="0" timestamp="2024-03-29T15:31:53 IST">
  <testcase classname="testcases.Tc4_clickSignin" name="test1" time="0.1"/>
  <testcase classname="testcases.Tc4_clickSignin" name="test2" time="10.21"/>
  <testcase classname="testcases.Tc4_clickSignin" name="test3" time="5.269"/>
  <testcase classname="testcases.Tc4_clickSignin" name="test4" time="5.562"/>
  <testcase classname="testcases.Tc4_clickSignin" name="test5" time="0.185"/>
</testsuite> <!-- Test4 -->
