<?xml version="1.0" encoding="UTF-8"?>
<!-- Generated by org.testng.reporters.JUnitXMLReporter -->
<testsuite ignored="0" hostname="LTIN237719" failures="0" tests="9" name="Test1" time="38.536" errors="0" timestamp="2024-03-29T15:46:13 IST">
  <testcase classname="testcases.Tc1_city" name="f" time="8.345"/>
  <testcase classname="testcases.Tc2_clicksports" name="f" time="0.107"/>
  <testcase classname="testcases.Tc3_movies" name="test1" time="8.158"/>
  <testcase classname="testcases.Tc3_movies" name="test2" time="0.127"/>
  <testcase classname="testcases.Tc4_clickSignin" name="test1" time="0.085"/>
  <testcase classname="testcases.Tc4_clickSignin" name="test2" time="10.198"/>
  <testcase classname="testcases.Tc4_clickSignin" name="test3" time="5.324"/>
  <testcase classname="testcases.Tc4_clickSignin" name="test4" time="5.604"/>
  <testcase classname="testcases.Tc4_clickSignin" name="test5" time="0.153"/>
</testsuite> <!-- Test1 -->
