<?xml version="1.0" encoding="UTF-8"?>
<testng-results ignored="0" total="9" passed="9" failed="0" skipped="0">
  <reporter-output>
  </reporter-output>
  <suite started-at="2024-03-29T15:45:35 IST" name="Suite" finished-at="2024-03-29T15:46:13 IST" duration-ms="38536">
    <groups>
    </groups>
    <test started-at="2024-03-29T15:45:35 IST" name="Test1" finished-at="2024-03-29T15:46:13 IST" duration-ms="38536">
      <class name="testcases.Tc1_city">
        <test-method is-config="true" signature="beforeSuite()[pri:0, instance:testcases.Tc1_city@5fdcaa40]" started-at="2024-03-29T15:44:19 IST" name="beforeSuite" finished-at="2024-03-29T15:45:35 IST" duration-ms="75888" status="PASS">
          <reporter-output>
          </reporter-output>
        </test-method> <!-- beforeSuite -->
        <test-method signature="f()[pri:0, instance:testcases.Tc1_city@5fdcaa40]" started-at="2024-03-29T15:45:35 IST" name="f" finished-at="2024-03-29T15:45:44 IST" duration-ms="8345" status="PASS">
          <reporter-output>
          </reporter-output>
        </test-method> <!-- f -->
      </class> <!-- testcases.Tc1_city -->
      <class name="testcases.Tc3_movies">
        <test-method signature="test1()[pri:1, instance:testcases.Tc3_movies@74e52303]" started-at="2024-03-29T15:45:44 IST" name="test1" finished-at="2024-03-29T15:45:52 IST" duration-ms="8158" status="PASS">
          <reporter-output>
          </reporter-output>
        </test-method> <!-- test1 -->
        <test-method signature="test2()[pri:2, instance:testcases.Tc3_movies@74e52303]" started-at="2024-03-29T15:45:52 IST" name="test2" finished-at="2024-03-29T15:45:52 IST" duration-ms="127" status="PASS">
          <reporter-output>
          </reporter-output>
        </test-method> <!-- test2 -->
      </class> <!-- testcases.Tc3_movies -->
      <class name="testcases.Tc4_clickSignin">
        <test-method signature="test1()[pri:1, instance:testcases.Tc4_clickSignin@3bb9a3ff]" started-at="2024-03-29T15:45:52 IST" name="test1" finished-at="2024-03-29T15:45:52 IST" duration-ms="85" status="PASS">
          <reporter-output>
          </reporter-output>
        </test-method> <!-- test1 -->
        <test-method signature="test2()[pri:2, instance:testcases.Tc4_clickSignin@3bb9a3ff]" started-at="2024-03-29T15:45:52 IST" name="test2" finished-at="2024-03-29T15:46:02 IST" duration-ms="10198" status="PASS">
          <reporter-output>
          </reporter-output>
        </test-method> <!-- test2 -->
        <test-method signature="test3(java.lang.String)[pri:3, instance:testcases.Tc4_clickSignin@3bb9a3ff]" started-at="2024-03-29T15:46:02 IST" name="test3" data-provider="dp" finished-at="2024-03-29T15:46:08 IST" duration-ms="5324" status="PASS">
          <params>
            <param index="0">
              <value>
                <![CDATA[abc@.com]]>
              </value>
            </param>
          </params>
          <reporter-output>
          </reporter-output>
        </test-method> <!-- test3 -->
        <test-method signature="test4()[pri:4, instance:testcases.Tc4_clickSignin@3bb9a3ff]" started-at="2024-03-29T15:46:08 IST" name="test4" finished-at="2024-03-29T15:46:13 IST" duration-ms="5604" status="PASS">
          <reporter-output>
          </reporter-output>
        </test-method> <!-- test4 -->
        <test-method signature="test5()[pri:5, instance:testcases.Tc4_clickSignin@3bb9a3ff]" started-at="2024-03-29T15:46:13 IST" name="test5" finished-at="2024-03-29T15:46:13 IST" duration-ms="153" status="PASS">
          <reporter-output>
          </reporter-output>
        </test-method> <!-- test5 -->
      </class> <!-- testcases.Tc4_clickSignin -->
      <class name="testcases.Tc2_clicksports">
        <test-method signature="f()[pri:0, instance:testcases.Tc2_clicksports@158da8e]" started-at="2024-03-29T15:45:44 IST" name="f" finished-at="2024-03-29T15:45:44 IST" duration-ms="107" status="PASS">
          <reporter-output>
          </reporter-output>
        </test-method> <!-- f -->
      </class> <!-- testcases.Tc2_clicksports -->
    </test> <!-- Test1 -->
  </suite> <!-- Suite -->
</testng-results>
