<?xml version="1.0" encoding="UTF-8"?>
<testng-results ignored="0" total="3" passed="3" failed="0" skipped="0">
  <reporter-output>
  </reporter-output>
  <suite started-at="2024-02-29T16:45:14 IST" name="Default suite" finished-at="2024-02-29T16:45:14 IST" duration-ms="140">
    <groups>
    </groups>
    <test started-at="2024-02-29T16:45:14 IST" name="Default test" finished-at="2024-02-29T16:45:14 IST" duration-ms="140">
      <class name="day1.test1">
        <test-method signature="test_launch_webapplication()[pri:1, instance:day1.test1@7880cdf3]" started-at="2024-02-29T16:45:14 IST" name="test_launch_webapplication" finished-at="2024-02-29T16:45:14 IST" duration-ms="24" status="PASS">
          <reporter-output>
          </reporter-output>
        </test-method> <!-- test_launch_webapplication -->
        <test-method signature="test_registration()[pri:2, instance:day1.test1@7880cdf3]" started-at="2024-02-29T16:45:14 IST" name="test_registration" finished-at="2024-02-29T16:45:14 IST" duration-ms="3" status="PASS">
          <reporter-output>
          </reporter-output>
        </test-method> <!-- test_registration -->
        <test-method signature="test_login()[pri:3, instance:day1.test1@7880cdf3]" started-at="2024-02-29T16:45:14 IST" name="test_login" finished-at="2024-02-29T16:45:14 IST" duration-ms="2" status="PASS">
          <reporter-output>
          </reporter-output>
        </test-method> <!-- test_login -->
      </class> <!-- day1.test1 -->
    </test> <!-- Default test -->
  </suite> <!-- Default suite -->
</testng-results>
